<?xml version="1.0" encoding="UTF-8"?>
<!-- Generated by org.testng.reporters.JUnitXMLReporter -->
<testsuite ignored="0" hostname="Silams-MacBook-Pro.local" failures="0" tests="4" name="Default test" time="3.611" errors="0" timestamp="2021-06-05T10:56:43 EDT">
  <testcase classname="tests.AmazonSearchDataDrivenTest" name="test" time="0.007"/>
  <testcase classname="tests.AmazonSearchDataDrivenTest" name="test" time="0.002"/>
  <testcase classname="tests.AmazonSearchDataDrivenTest" name="test" time="0.002"/>
  <testcase classname="tests.AmazonSearchDataDrivenTest" name="test" time="0.002"/>
</testsuite> <!-- Default test -->
