<?xml version="1.0" encoding="UTF-8"?>
<testng-results ignored="0" total="4" passed="4" failed="0" skipped="0">
  <reporter-output>
  </reporter-output>
  <suite started-at="2021-06-05T10:56:39 EDT" name="Default suite" finished-at="2021-06-05T10:56:43 EDT" duration-ms="3611">
    <groups>
    </groups>
    <test started-at="2021-06-05T10:56:39 EDT" name="Default test" finished-at="2021-06-05T10:56:43 EDT" duration-ms="3611">
      <class name="tests.AmazonSearchDataDrivenTest">
        <test-method is-config="true" signature="beforeMethod()[pri:0, instance:tests.AmazonSearchDataDrivenTest@3c9d0b9d]" started-at="2021-06-05T10:56:39 EDT" name="beforeMethod" finished-at="2021-06-05T10:56:42 EDT" duration-ms="3395" status="PASS">
          <reporter-output>
          </reporter-output>
        </test-method> <!-- beforeMethod -->
        <test-method signature="test(java.lang.String)[pri:0, instance:tests.AmazonSearchDataDrivenTest@3c9d0b9d]" started-at="2021-06-05T10:56:43 EDT" name="test" data-provider="myDataBucket" finished-at="2021-06-05T10:56:43 EDT" duration-ms="7" status="PASS">
          <params>
            <param index="0">
              <value>
                <![CDATA[Coffee mug]]>
              </value>
            </param>
          </params>
          <reporter-output>
          </reporter-output>
        </test-method> <!-- test -->
        <test-method signature="test(java.lang.String)[pri:0, instance:tests.AmazonSearchDataDrivenTest@3c9d0b9d]" started-at="2021-06-05T10:56:43 EDT" name="test" data-provider="myDataBucket" finished-at="2021-06-05T10:56:43 EDT" duration-ms="2" status="PASS">
          <params>
            <param index="0">
              <value>
                <![CDATA[Pretty coffee mug]]>
              </value>
            </param>
          </params>
          <reporter-output>
          </reporter-output>
        </test-method> <!-- test -->
        <test-method signature="test(java.lang.String)[pri:0, instance:tests.AmazonSearchDataDrivenTest@3c9d0b9d]" started-at="2021-06-05T10:56:43 EDT" name="test" data-provider="myDataBucket" finished-at="2021-06-05T10:56:43 EDT" duration-ms="2" status="PASS">
          <params>
            <param index="0">
              <value>
                <![CDATA[Cool mug mug]]>
              </value>
            </param>
          </params>
          <reporter-output>
          </reporter-output>
        </test-method> <!-- test -->
        <test-method signature="test(java.lang.String)[pri:0, instance:tests.AmazonSearchDataDrivenTest@3c9d0b9d]" started-at="2021-06-05T10:56:43 EDT" name="test" data-provider="myDataBucket" finished-at="2021-06-05T10:56:43 EDT" duration-ms="2" status="PASS">
          <params>
            <param index="0">
              <value>
                <![CDATA[Amazing coffee mug]]>
              </value>
            </param>
          </params>
          <reporter-output>
          </reporter-output>
        </test-method> <!-- test -->
        <test-method is-config="true" signature="afterTest()[pri:0, instance:tests.AmazonSearchDataDrivenTest@3c9d0b9d]" started-at="2021-06-05T10:56:43 EDT" name="afterTest" finished-at="2021-06-05T10:56:43 EDT" duration-ms="148" status="PASS">
          <reporter-output>
          </reporter-output>
        </test-method> <!-- afterTest -->
      </class> <!-- tests.AmazonSearchDataDrivenTest -->
    </test> <!-- Default test -->
  </suite> <!-- Default suite -->
</testng-results>
